~/Documents/Red Boy Consulting/marketplace ⚡ Jackson Grim 💻  ng serve
Component HMR has been enabled.
If you encounter application reload issues, you can manually reload the page to bypass HMR and/or disable this feature with the `--no-hmr` command line option.
Please consider reporting any issues you encounter here: https://github.com/angular/angular-cli/issues

/Documents/Red Boy Consulting/marketplace/node_modules/@angular-devkit/architect/node_modules/rxjs/dist/cjs/internal/util/reportUnhandledError.js:13
            throw err;
            ^

Error: Cannot find module @rollup/rollup-darwin-arm64. npm has a bug related to optional dependencies (https://github.com/npm/cli/issues/4828). Please try `npm i` again after removing both package-lock.json and node_modules directory.
    at requireWithFriendlyError (/Documents/Red Boy Consulting/marketplace/node_modules/rollup/dist/native.js:64:9)
    at Object.<anonymous> (/Documents/Red Boy Consulting/marketplace/node_modules/rollup/dist/native.js:73:76)
    at Module._compile (node:internal/modules/cjs/loader:1730:14)
    at Object..js (node:internal/modules/cjs/loader:1895:10)
    at Module.load (node:internal/modules/cjs/loader:1465:32)
    at Function._load (node:internal/modules/cjs/loader:1282:12)
    at TracingChannel.traceSync (node:diagnostics_channel:322:14)
    at wrapModuleLoad (node:internal/modules/cjs/loader:235:24)
    at cjsLoader (node:internal/modules/esm/translators:266:5)
    at ModuleWrap.<anonymous> (node:internal/modules/esm/translators:200:7) {
  [cause]: Error: Cannot find module '@rollup/rollup-darwin-arm64'
  Require stack:
  - /Documents/Red Boy Consulting/marketplace/node_modules/rollup/dist/native.js
      at Function._resolveFilename (node:internal/modules/cjs/loader:1401:15)
      at defaultResolveImpl (node:internal/modules/cjs/loader:1057:19)
      at resolveForCJSWithHooks (node:internal/modules/cjs/loader:1062:22)
      at Function._load (node:internal/modules/cjs/loader:1211:37)
      at TracingChannel.traceSync (node:diagnostics_channel:322:14)
      at wrapModuleLoad (node:internal/modules/cjs/loader:235:24)
      at Module.require (node:internal/modules/cjs/loader:1487:12)
      at require (node:internal/modules/helpers:135:16)
      at requireWithFriendlyError (/Documents/Red Boy Consulting/marketplace/node_modules/rollup/dist/native.js:46:10)
      at Object.<anonymous> (/Documents/Red Boy Consulting/marketplace/node_modules/rollup/dist/native.js:73:76) {
    code: 'MODULE_NOT_FOUND',
    requireStack: [
      '/Documents/Red Boy Consulting/marketplace/node_modules/rollup/dist/native.js'
    ]
  }
}

Node.js v22.16.0
~/Documents/Red Boy Consulting/marketplace ⚡ Jackson Grim 💻  